TN:
SF:src/ejercicio-1/combat.ts
FN:14,(anonymous_0)
FN:26,(anonymous_1)
FN:38,(anonymous_2)
FN:95,(anonymous_3)
FNF:4
FNH:4
FNDA:1,(anonymous_0)
FNDA:3,(anonymous_1)
FNDA:3,(anonymous_2)
FNDA:1,(anonymous_3)
DA:1,1
DA:6,1
DA:15,1
DA:16,1
DA:27,3
DA:40,3
DA:42,0
DA:43,0
DA:44,0
DA:45,0
DA:46,0
DA:47,0
DA:48,0
DA:49,0
DA:51,0
DA:54,1
DA:55,0
DA:56,1
DA:57,1
DA:58,0
DA:59,0
DA:60,0
DA:61,0
DA:63,0
DA:66,0
DA:67,0
DA:68,0
DA:69,0
DA:70,0
DA:71,0
DA:72,0
DA:73,0
DA:75,0
DA:78,2
DA:79,0
DA:80,2
DA:81,2
DA:82,0
DA:83,0
DA:84,0
DA:85,0
DA:87,0
DA:96,1
DA:97,1
DA:98,1
DA:99,1
DA:106,1
DA:107,3
DA:111,3
DA:112,2
DA:114,2
DA:120,2
DA:121,2
DA:123,1
DA:125,1
DA:131,1
DA:132,1
DA:136,1
DA:138,1
DA:139,0
DA:141,0
DA:143,0
DA:146,1
DA:148,1
DA:150,1
LF:65
LH:32
BRDA:41,0,0,0
BRDA:41,0,1,1
BRDA:41,0,2,0
BRDA:41,0,3,2
BRDA:42,1,0,0
BRDA:42,1,1,0
BRDA:44,2,0,0
BRDA:44,2,1,0
BRDA:46,3,0,0
BRDA:46,3,1,0
BRDA:48,4,0,0
BRDA:48,4,1,0
BRDA:54,5,0,0
BRDA:54,5,1,1
BRDA:56,6,0,1
BRDA:56,6,1,0
BRDA:58,7,0,0
BRDA:58,7,1,0
BRDA:60,8,0,0
BRDA:60,8,1,0
BRDA:66,9,0,0
BRDA:66,9,1,0
BRDA:68,10,0,0
BRDA:68,10,1,0
BRDA:70,11,0,0
BRDA:70,11,1,0
BRDA:72,12,0,0
BRDA:72,12,1,0
BRDA:78,13,0,0
BRDA:78,13,1,2
BRDA:80,14,0,2
BRDA:80,14,1,0
BRDA:82,15,0,0
BRDA:82,15,1,0
BRDA:84,16,0,0
BRDA:84,16,1,0
BRDA:106,17,0,4
BRDA:106,17,1,4
BRDA:111,18,0,2
BRDA:111,18,1,1
BRDA:138,19,0,0
BRDA:138,19,1,1
BRF:42
BRH:11
end_of_record
TN:
SF:src/ejercicio-1/pokedex.ts
FN:10,(anonymous_0)
FN:11,(anonymous_1)
FN:21,(anonymous_2)
FN:23,(anonymous_3)
FN:38,(anonymous_4)
FN:39,(anonymous_5)
FNF:6
FNH:6
FNDA:2,(anonymous_0)
FNDA:1,(anonymous_1)
FNDA:2,(anonymous_2)
FNDA:2,(anonymous_3)
FNDA:1,(anonymous_4)
FNDA:1,(anonymous_5)
DA:5,1
DA:11,2
DA:12,1
DA:22,2
DA:23,2
DA:24,2
DA:25,2
DA:27,2
DA:28,1
DA:30,1
DA:39,1
DA:40,1
LF:12
LH:12
BRDA:27,0,0,1
BRDA:27,0,1,1
BRF:2
BRH:2
end_of_record
TN:
SF:src/ejercicio-1/pokemon.ts
FN:2,(anonymous_0)
FN:24,(anonymous_1)
FN:39,(anonymous_2)
FN:45,(anonymous_3)
FNF:4
FNH:4
FNDA:1,(anonymous_0)
FNDA:4,(anonymous_1)
FNDA:2,(anonymous_2)
FNDA:2,(anonymous_3)
DA:2,1
DA:4,1
DA:26,4
DA:27,4
DA:28,4
DA:29,4
DA:30,4
DA:31,4
DA:32,4
DA:33,4
DA:40,2
DA:46,2
LF:12
LH:12
BRDA:2,0,0,1
BRDA:2,0,1,1
BRF:2
BRH:2
end_of_record
TN:
SF:src/ejercicio-2/articulo.ts
FN:21,(anonymous_0)
FN:38,(anonymous_1)
FN:40,(anonymous_2)
FN:43,(anonymous_3)
FN:45,(anonymous_4)
FNF:5
FNH:5
FNDA:10,(anonymous_0)
FNDA:7,(anonymous_1)
FNDA:12,(anonymous_2)
FNDA:14,(anonymous_3)
FNDA:14,(anonymous_4)
DA:1,1
DA:24,10
DA:25,10
DA:26,10
DA:27,10
DA:28,10
DA:29,10
DA:30,10
DA:31,10
DA:39,7
DA:40,7
DA:41,12
DA:42,12
DA:43,14
DA:44,12
DA:45,14
DA:46,12
DA:49,7
DA:50,7
DA:51,7
LF:20
LH:20
BRF:0
BRH:0
end_of_record
TN:
SF:src/ejercicio-2/gestor.ts
FN:11,(anonymous_0)
FN:12,(anonymous_1)
FN:18,(anonymous_2)
FN:27,(anonymous_3)
FN:29,(anonymous_4)
FN:30,(anonymous_5)
FN:32,(anonymous_6)
FN:47,(anonymous_7)
FN:58,(anonymous_8)
FN:60,(anonymous_9)
FN:61,(anonymous_10)
FN:63,(anonymous_11)
FNF:12
FNH:12
FNDA:3,(anonymous_0)
FNDA:6,(anonymous_1)
FNDA:2,(anonymous_2)
FNDA:1,(anonymous_3)
FNDA:2,(anonymous_4)
FNDA:6,(anonymous_5)
FNDA:8,(anonymous_6)
FNDA:1,(anonymous_7)
FNDA:3,(anonymous_8)
FNDA:5,(anonymous_9)
FNDA:14,(anonymous_10)
FNDA:18,(anonymous_11)
DA:1,1
DA:5,1
DA:6,3
DA:12,6
DA:19,2
DA:28,1
DA:29,1
DA:30,2
DA:31,6
DA:32,8
DA:33,2
DA:37,1
DA:38,0
DA:40,1
DA:48,1
DA:59,3
DA:60,3
DA:61,5
DA:62,14
DA:63,18
DA:64,6
DA:68,3
DA:72,1
DA:84,1
DA:96,1
DA:108,1
DA:109,1
DA:111,1
DA:113,1
DA:115,1
LF:30
LH:29
BRDA:31,0,0,2
BRDA:31,0,1,4
BRDA:37,1,0,0
BRDA:37,1,1,1
BRDA:62,2,0,6
BRDA:62,2,1,8
BRF:6
BRH:5
end_of_record
TN:
SF:src/ejercicio-3/coche.ts
FN:17,(anonymous_0)
FNF:1
FNH:1
FNDA:2,(anonymous_0)
DA:1,1
DA:4,1
DA:18,2
DA:19,2
DA:20,2
DA:21,2
DA:22,2
DA:23,2
LF:8
LH:8
BRF:0
BRH:0
end_of_record
TN:
SF:src/ejercicio-3/metodoTransporte.ts
FNF:0
FNH:0
DA:3,1
LF:1
LH:1
BRF:0
BRH:0
end_of_record
TN:
SF:src/ejercicio-3/peaton.ts
FN:14,(anonymous_0)
FNF:1
FNH:1
FNDA:1,(anonymous_0)
DA:1,1
DA:3,1
DA:15,1
DA:16,1
DA:17,1
DA:18,1
DA:19,1
LF:7
LH:7
BRF:0
BRH:0
end_of_record
TN:
SF:src/ejercicio-3/street.ts
FN:14,(anonymous_0)
FN:25,(anonymous_1)
FN:26,(anonymous_2)
FN:27,(anonymous_3)
FN:40,(anonymous_4)
FN:41,(anonymous_5)
FN:55,(anonymous_6)
FN:58,(anonymous_7)
FN:60,(anonymous_8)
FN:66,(anonymous_9)
FN:67,(anonymous_10)
FN:70,(anonymous_11)
FN:72,(anonymous_12)
FNF:13
FNH:13
FNDA:2,(anonymous_0)
FNDA:6,(anonymous_1)
FNDA:9,(anonymous_2)
FNDA:3,(anonymous_3)
FNDA:2,(anonymous_4)
FNDA:2,(anonymous_5)
FNDA:4,(anonymous_6)
FNDA:3,(anonymous_7)
FNDA:7,(anonymous_8)
FNDA:7,(anonymous_9)
FNDA:7,(anonymous_10)
FNDA:7,(anonymous_11)
FNDA:13,(anonymous_12)
DA:3,1
DA:7,2
DA:15,2
DA:16,2
DA:17,2
DA:26,9
DA:27,3
DA:28,2
DA:30,4
DA:41,2
DA:42,2
DA:43,2
DA:44,1
DA:46,1
DA:57,4
DA:58,4
DA:60,4
DA:61,7
DA:64,4
DA:66,7
DA:67,7
DA:69,4
DA:70,4
DA:71,7
DA:72,7
DA:73,13
DA:76,4
DA:77,4
LF:28
LH:28
BRDA:26,0,0,2
BRDA:26,0,1,4
BRDA:26,1,0,6
BRDA:26,1,1,4
BRDA:43,2,0,1
BRDA:43,2,1,1
BRF:6
BRH:6
end_of_record
